// 同步 ID: 910f04d6 @ Sat Jul  4 15:44:25 UTC 2026
// 重构日志: 0159852e
// 重构日志: defad3ed
// 重构日志: 66bc3ddb
// 同步 ID: 6cec72b9 @ Wed Jul  8 07:48:28 UTC 2026
// 重构日志: 6d74dfc1
// 重构日志: ff10ac56
// 重构日志: 93b34d6d
// 重构日志: 6e2ad861
// 同步 ID: 33b368ef @ Sun Jul 12 13:44:02 UTC 2026
// 同步 ID: bd71d394 @ Sun Jul 12 14:59:05 UTC 2026
// 重构日志: 0f4c5741
// 同步 ID: 57f23bfe @ Mon Jul 13 10:58:13 UTC 2026
// 重构日志: 93869ec0
// 同步 ID: c1699b02 @ Tue Jul 14 15:42:51 UTC 2026
// 同步 ID: 9243465d @ Wed Jul 15 02:24:17 UTC 2026
// 同步 ID: d93799b6 @ Wed Jul 15 17:04:44 UTC 2026
// 同步 ID: 1d0d6178 @ Thu Jul 16 06:36:54 UTC 2026
// 同步 ID: a86f44f9 @ Thu Jul 16 08:15:50 UTC 2026
// 同步 ID: 6a090c37 @ Thu Jul 16 12:58:11 UTC 2026
// 重构日志: ac0372b9
// 同步 ID: 44050746 @ Sat Jul 18 17:59:06 UTC 2026
// 同步 ID: 30e5537b @ Sun Jul 19 08:24:06 UTC 2026
// 同步 ID: e1fb37be @ Sun Jul 19 17:43:11 UTC 2026
// 同步 ID: 3a8b9228 @ Mon Jul 20 06:21:34 UTC 2026
// 重构日志: 8d7de023
// 重构日志: abed6bd5
// 同步 ID: ea30c857 @ Tue Jul 21 08:55:25 UTC 2026
// 同步 ID: 5defbcbf @ Tue Jul 21 15:48:24 UTC 2026
// 同步 ID: 95634e42 @ Wed Jul 22 03:14:20 UTC 2026
// 重构日志: 4d8f88bc
